<?xml version="1.0" encoding="UTF-8"?>
<!-- Generated by org.testng.reporters.JUnitReportReporter -->
<testsuite hostname="LP-5CD212LZ7K" failures="0" tests="8" name="com.serv.tests.SwagLabScenarios" time="111.360" errors="0" timestamp="2024-06-09T00:39:19 IST" skipped="0">
  <testcase classname="com.serv.tests.SwagLabScenarios" name="bookOrder" time="12.769"/>
  <testcase classname="com.serv.tests.SwagLabScenarios" name="TestCredentials" time="18.359"/>
  <testcase classname="com.serv.tests.SwagLabScenarios" name="verifyInventory" time="11.980"/>
  <testcase classname="com.serv.tests.SwagLabScenarios" name="bookOrder" time="14.315"/>
  <testcase classname="com.serv.tests.SwagLabScenarios" name="TestCredentials" time="12.811"/>
  <testcase classname="com.serv.tests.SwagLabScenarios" name="TestCredentials" time="17.118"/>
  <testcase classname="com.serv.tests.SwagLabScenarios" name="TestCredentials" time="11.437"/>
  <testcase classname="com.serv.tests.SwagLabScenarios" name="verifyInventory" time="12.571"/>
</testsuite> <!-- com.serv.tests.SwagLabScenarios -->
